[debug] [2026-06-22T08:02:59.465Z] ----------------------------------------------------------------------
[debug] [2026-06-22T08:02:59.468Z] Command:       C:\Program Files\nodejs\node.exe C:\Users\deepa\AppData\Local\npm-cache\_npx\7750544ccf494d8b\node_modules\firebase-tools\lib\bin\firebase.js emulators:start --only functions
[debug] [2026-06-22T08:02:59.469Z] CLI Version:   15.22.0
[debug] [2026-06-22T08:02:59.469Z] Platform:      win32
[debug] [2026-06-22T08:02:59.469Z] Node Version:  v22.16.0
[debug] [2026-06-22T08:02:59.469Z] Detected Agent: antigravity
[debug] [2026-06-22T08:02:59.469Z] Time:          Mon Jun 22 2026 13:32:59 GMT+0530 (India Standard Time)
[debug] [2026-06-22T08:02:59.469Z] ----------------------------------------------------------------------
[debug] 
[debug] [2026-06-22T08:02:59.472Z] >>> [apiv2][query] GET https://firebase-public.firebaseio.com/cli.json [none]
[debug] [2026-06-22T08:03:05.409Z] > command requires scopes: ["email","openid","https://www.googleapis.com/auth/cloudplatformprojects.readonly","https://www.googleapis.com/auth/firebase","https://www.googleapis.com/auth/cloud-platform"]
[debug] Failed to authenticate, have you run firebase login?
[warn] !  emulators: You are not currently authenticated so some features may not work correctly. Please run firebase login to authenticate the CLI. 
[info] i  emulators: Starting emulators: functions {"metadata":{"emulator":{"name":"hub"},"message":"Starting emulators: functions"}}
[debug] [2026-06-22T08:03:05.592Z] [logging] Logging Emulator only supports listening on one address (127.0.0.1). Not listening on ::1
[debug] [2026-06-22T08:03:05.593Z] assigned listening specs for emulators {"user":{"hub":[{"address":"127.0.0.1","family":"IPv4","port":4400},{"address":"::1","family":"IPv6","port":4400}],"ui":[{"address":"127.0.0.1","family":"IPv4","port":4000},{"address":"::1","family":"IPv6","port":4000}],"logging":[{"address":"127.0.0.1","family":"IPv4","port":4500}]},"metadata":{"message":"assigned listening specs for emulators"}}
[debug] [2026-06-22T08:03:05.598Z] Write emulator hub locator at C:\Users\deepa\AppData\Local\Temp\hub-panstellia-65653.json
[debug] [2026-06-22T08:03:05.615Z] [functions] Functions Emulator only supports listening on one address (127.0.0.1). Not listening on ::1
[debug] [2026-06-22T08:03:05.615Z] [eventarc] Eventarc Emulator only supports listening on one address (127.0.0.1). Not listening on ::1
[debug] [2026-06-22T08:03:05.615Z] [tasks] Cloud Tasks Emulator only supports listening on one address (127.0.0.1). Not listening on ::1
[debug] [2026-06-22T08:03:05.615Z] late-assigned ports for functions and eventarc emulators {"user":{"hub":[{"address":"127.0.0.1","family":"IPv4","port":4400},{"address":"::1","family":"IPv6","port":4400}],"ui":[{"address":"127.0.0.1","family":"IPv4","port":4000},{"address":"::1","family":"IPv6","port":4000}],"logging":[{"address":"127.0.0.1","family":"IPv4","port":4500}],"functions":[{"address":"127.0.0.1","family":"IPv4","port":5001}],"eventarc":[{"address":"127.0.0.1","family":"IPv4","port":9299}],"tasks":[{"address":"127.0.0.1","family":"IPv4","port":9499}]},"metadata":{"message":"late-assigned ports for functions and eventarc emulators"}}
[warn] !  functions: The following emulators are not running, calls to these services from the Functions emulator will affect production: apphosting, auth, firestore, database, hosting, pubsub, storage, dataconnect {"metadata":{"emulator":{"name":"functions"},"message":"The following emulators are not running, calls to these services from the Functions emulator will affect production: \u001b[1mapphosting, auth, firestore, database, hosting, pubsub, storage, dataconnect\u001b[22m"}}
[debug] [2026-06-22T08:03:05.619Z] No OAuth tokens found
[debug] [2026-06-22T08:03:05.619Z] No OAuth tokens found
[debug] [2026-06-22T08:03:05.620Z] > command requires scopes: ["email","openid","https://www.googleapis.com/auth/cloudplatformprojects.readonly","https://www.googleapis.com/auth/firebase","https://www.googleapis.com/auth/cloud-platform"]
[debug] [2026-06-22T08:03:05.620Z] Failed to get Admin SDK config for panstellia-65653, falling back to cache Failed to get Admin SDK for Firebase project panstellia-65653. Please make sure the project exists and your account has permission to access it. {"name":"FirebaseError","children":[],"exit":2,"message":"Failed to get Admin SDK for Firebase project panstellia-65653. Please make sure the project exists and your account has permission to access it.","original":{"name":"FirebaseError","children":[],"exit":1,"message":"Failed to authenticate, have you run \u001b[1mfirebase login\u001b[22m?","original":{},"status":500},"status":500}
[warn] !  functions: Unable to fetch project Admin SDK configuration, Admin SDK behavior in Cloud Functions emulator may be incorrect. {"metadata":{"emulator":{"name":"functions"},"message":"Unable to fetch project Admin SDK configuration, Admin SDK behavior in Cloud Functions emulator may be incorrect."}}
[info] i  ui: downloading ui-v1.15.0.zip... {"metadata":{"emulator":{"name":"ui"},"message":"downloading ui-v1.15.0.zip..."}}
[debug] [2026-06-22T08:03:05.650Z] >>> [apiv2][query] GET https://storage.googleapis.com/firebase-preview-drop/emulator/ui-v1.15.0.zip 
[debug] [2026-06-22T08:03:06.320Z] <<< [apiv2][status] GET https://firebase-public.firebaseio.com/cli.json 200
[debug] [2026-06-22T08:03:06.320Z] <<< [apiv2][body] GET https://firebase-public.firebaseio.com/cli.json {"cloudBuildErrorAfter":1594252800000,"cloudBuildWarnAfter":1590019200000,"defaultNode10After":1594252800000,"minVersion":"3.0.5","node8DeploysDisabledAfter":1613390400000,"node8RuntimeDisabledAfter":1615809600000,"node8WarnAfter":1600128000000}
[debug] [2026-06-22T08:03:06.377Z] <<< [apiv2][status] GET https://storage.googleapis.com/firebase-preview-drop/emulator/ui-v1.15.0.zip 200
[debug] [2026-06-22T08:03:06.378Z] <<< [apiv2][body] GET https://storage.googleapis.com/firebase-preview-drop/emulator/ui-v1.15.0.zip [stream]
[debug] [2026-06-22T08:03:11.222Z] Data is 3538469
[debug] [2026-06-22T08:03:11.222Z] [unzip] Entry: client/ (compressed_size=0 bytes, uncompressed_size=0 bytes)
[debug] [2026-06-22T08:03:11.222Z] [unzip] Processing entry: client\
[debug] [2026-06-22T08:03:11.223Z] [unzip] mkdir: C:\Users\deepa\.cache\firebase\emulators\ui-v1.15.0\client\
[debug] [2026-06-22T08:03:11.225Z] [unzip] Entry: client/favicon-16x16.png (compressed_size=293 bytes, uncompressed_size=293 bytes)
[debug] [2026-06-22T08:03:11.225Z] [unzip] Processing entry: client\favicon-16x16.png
[debug] [2026-06-22T08:03:11.225Z] [unzip] else mkdir: C:\Users\deepa\.cache\firebase\emulators\ui-v1.15.0\client
[debug] [2026-06-22T08:03:11.226Z] [unzip] Writing file: C:\Users\deepa\.cache\firebase\emulators\ui-v1.15.0\client\favicon-16x16.png
[debug] [2026-06-22T08:03:11.228Z] [unzip] Entry: client/safari-pinned-tab.svg (compressed_size=1433 bytes, uncompressed_size=2611 bytes)
[debug] [2026-06-22T08:03:11.228Z] [unzip] Processing entry: client\safari-pinned-tab.svg
[debug] [2026-06-22T08:03:11.228Z] [unzip] else mkdir: C:\Users\deepa\.cache\firebase\emulators\ui-v1.15.0\client
[debug] [2026-06-22T08:03:11.228Z] [unzip] deflating: C:\Users\deepa\.cache\firebase\emulators\ui-v1.15.0\client\safari-pinned-tab.svg
[debug] [2026-06-22T08:03:11.233Z] [unzip] Entry: client/favicon.ico (compressed_size=2933 bytes, uncompressed_size=13294 bytes)
[debug] [2026-06-22T08:03:11.233Z] [unzip] Processing entry: client\favicon.ico
[debug] [2026-06-22T08:03:11.233Z] [unzip] else mkdir: C:\Users\deepa\.cache\firebase\emulators\ui-v1.15.0\client
[debug] [2026-06-22T08:03:11.234Z] [unzip] deflating: C:\Users\deepa\.cache\firebase\emulators\ui-v1.15.0\client\favicon.ico
[debug] [2026-06-22T08:03:11.238Z] [unzip] Entry: client/index.html (compressed_size=1364 bytes, uncompressed_size=3071 bytes)
[debug] [2026-06-22T08:03:11.238Z] [unzip] Processing entry: client\index.html
[debug] [2026-06-22T08:03:11.238Z] [unzip] else mkdir: C:\Users\deepa\.cache\firebase\emulators\ui-v1.15.0\client
[debug] [2026-06-22T08:03:11.239Z] [unzip] deflating: C:\Users\deepa\.cache\firebase\emulators\ui-v1.15.0\client\index.html
[debug] [2026-06-22T08:03:11.241Z] [unzip] Entry: client/android-chrome-192x192.png (compressed_size=2684 bytes, uncompressed_size=2684 bytes)
[debug] [2026-06-22T08:03:11.241Z] [unzip] Processing entry: client\android-chrome-192x192.png
[debug] [2026-06-22T08:03:11.241Z] [unzip] else mkdir: C:\Users\deepa\.cache\firebase\emulators\ui-v1.15.0\client
[debug] [2026-06-22T08:03:11.242Z] [unzip] Writing file: C:\Users\deepa\.cache\firebase\emulators\ui-v1.15.0\client\android-chrome-192x192.png
[debug] [2026-06-22T08:03:11.243Z] [unzip] Entry: client/apple-touch-icon.png (compressed_size=2123 bytes, uncompressed_size=2152 bytes)
[debug] [2026-06-22T08:03:11.244Z] [unzip] Processing entry: client\apple-touch-icon.png
[debug] [2026-06-22T08:03:11.244Z] [unzip] else mkdir: C:\Users\deepa\.cache\firebase\emulators\ui-v1.15.0\client
[debug] [2026-06-22T08:03:11.244Z] [unzip] deflating: C:\Users\deepa\.cache\firebase\emulators\ui-v1.15.0\client\apple-touch-icon.png
[debug] [2026-06-22T08:03:11.246Z] [unzip] Entry: client/android-chrome-512x512.png (compressed_size=5369 bytes, uncompressed_size=5411 bytes)
[debug] [2026-06-22T08:03:11.246Z] [unzip] Processing entry: client\android-chrome-512x512.png
[debug] [2026-06-22T08:03:11.246Z] [unzip] else mkdir: C:\Users\deepa\.cache\firebase\emulators\ui-v1.15.0\client
[debug] [2026-06-22T08:03:11.247Z] [unzip] deflating: C:\Users\deepa\.cache\firebase\emulators\ui-v1.15.0\client\android-chrome-512x512.png
[debug] [2026-06-22T08:03:11.249Z] [unzip] Entry: client/manifest.json (compressed_size=245 bytes, uncompressed_size=551 bytes)
[debug] [2026-06-22T08:03:11.249Z] [unzip] Processing entry: client\manifest.json
[debug] [2026-06-22T08:03:11.249Z] [unzip] else mkdir: C:\Users\deepa\.cache\firebase\emulators\ui-v1.15.0\client
[debug] [2026-06-22T08:03:11.250Z] [unzip] deflating: C:\Users\deepa\.cache\firebase\emulators\ui-v1.15.0\client\manifest.json
[debug] [2026-06-22T08:03:11.252Z] [unzip] Entry: client/robots.txt (compressed_size=26 bytes, uncompressed_size=26 bytes)
[debug] [2026-06-22T08:03:11.252Z] [unzip] Processing entry: client\robots.txt
[debug] [2026-06-22T08:03:11.252Z] [unzip] else mkdir: C:\Users\deepa\.cache\firebase\emulators\ui-v1.15.0\client
[debug] [2026-06-22T08:03:11.253Z] [unzip] Writing file: C:\Users\deepa\.cache\firebase\emulators\ui-v1.15.0\client\robots.txt
[debug] [2026-06-22T08:03:11.255Z] [unzip] Entry: client/mstile-150x150.png (compressed_size=2034 bytes, uncompressed_size=2034 bytes)
[debug] [2026-06-22T08:03:11.255Z] [unzip] Processing entry: client\mstile-150x150.png
[debug] [2026-06-22T08:03:11.255Z] [unzip] else mkdir: C:\Users\deepa\.cache\firebase\emulators\ui-v1.15.0\client
[debug] [2026-06-22T08:03:11.256Z] [unzip] Writing file: C:\Users\deepa\.cache\firebase\emulators\ui-v1.15.0\client\mstile-150x150.png
[debug] [2026-06-22T08:03:11.257Z] [unzip] Entry: client/assets/ (compressed_size=0 bytes, uncompressed_size=0 bytes)
[debug] [2026-06-22T08:03:11.257Z] [unzip] Processing entry: client\assets\
[debug] [2026-06-22T08:03:11.257Z] [unzip] mkdir: C:\Users\deepa\.cache\firebase\emulators\ui-v1.15.0\client\assets\
[debug] [2026-06-22T08:03:11.258Z] [unzip] Entry: client/assets/index-BX-A56oj.js (compressed_size=582089 bytes, uncompressed_size=2092775 bytes)
[debug] [2026-06-22T08:03:11.258Z] [unzip] Processing entry: client\assets\index-BX-A56oj.js
[debug] [2026-06-22T08:03:11.258Z] [unzip] else mkdir: C:\Users\deepa\.cache\firebase\emulators\ui-v1.15.0\client\assets
[debug] [2026-06-22T08:03:11.259Z] [unzip] deflating: C:\Users\deepa\.cache\firebase\emulators\ui-v1.15.0\client\assets\index-BX-A56oj.js
[debug] [2026-06-22T08:03:11.273Z] [unzip] Entry: client/assets/index-CjB9C900.css (compressed_size=35979 bytes, uncompressed_size=298654 bytes)
[debug] [2026-06-22T08:03:11.273Z] [unzip] Processing entry: client\assets\index-CjB9C900.css
[debug] [2026-06-22T08:03:11.274Z] [unzip] else mkdir: C:\Users\deepa\.cache\firebase\emulators\ui-v1.15.0\client\assets
[debug] [2026-06-22T08:03:11.274Z] [unzip] deflating: C:\Users\deepa\.cache\firebase\emulators\ui-v1.15.0\client\assets\index-CjB9C900.css
[debug] [2026-06-22T08:03:11.279Z] [unzip] Entry: client/assets/index-BX-A56oj.js.map (compressed_size=2362482 bytes, uncompressed_size=10036679 bytes)
[debug] [2026-06-22T08:03:11.279Z] [unzip] Processing entry: client\assets\index-BX-A56oj.js.map
[debug] [2026-06-22T08:03:11.279Z] [unzip] else mkdir: C:\Users\deepa\.cache\firebase\emulators\ui-v1.15.0\client\assets
[debug] [2026-06-22T08:03:11.279Z] [unzip] deflating: C:\Users\deepa\.cache\firebase\emulators\ui-v1.15.0\client\assets\index-BX-A56oj.js.map
[debug] [2026-06-22T08:03:11.352Z] [unzip] Entry: client/assets/extensions/ (compressed_size=0 bytes, uncompressed_size=0 bytes)
[debug] [2026-06-22T08:03:11.353Z] [unzip] Processing entry: client\assets\extensions\
[debug] [2026-06-22T08:03:11.353Z] [unzip] mkdir: C:\Users\deepa\.cache\firebase\emulators\ui-v1.15.0\client\assets\extensions\
[debug] [2026-06-22T08:03:11.354Z] [unzip] Entry: client/assets/extensions/default-extension.png (compressed_size=1646 bytes, uncompressed_size=1657 bytes)
[debug] [2026-06-22T08:03:11.354Z] [unzip] Processing entry: client\assets\extensions\default-extension.png
[debug] [2026-06-22T08:03:11.355Z] [unzip] else mkdir: C:\Users\deepa\.cache\firebase\emulators\ui-v1.15.0\client\assets\extensions
[debug] [2026-06-22T08:03:11.355Z] [unzip] deflating: C:\Users\deepa\.cache\firebase\emulators\ui-v1.15.0\client\assets\extensions\default-extension.png
[debug] [2026-06-22T08:03:11.358Z] [unzip] Entry: client/assets/img/ (compressed_size=0 bytes, uncompressed_size=0 bytes)
[debug] [2026-06-22T08:03:11.358Z] [unzip] Processing entry: client\assets\img\
[debug] [2026-06-22T08:03:11.358Z] [unzip] mkdir: C:\Users\deepa\.cache\firebase\emulators\ui-v1.15.0\client\assets\img\
[debug] [2026-06-22T08:03:11.359Z] [unzip] Entry: client/assets/img/database.png (compressed_size=29449 bytes, uncompressed_size=29988 bytes)
[debug] [2026-06-22T08:03:11.359Z] [unzip] Processing entry: client\assets\img\database.png
[debug] [2026-06-22T08:03:11.359Z] [unzip] else mkdir: C:\Users\deepa\.cache\firebase\emulators\ui-v1.15.0\client\assets\img
[debug] [2026-06-22T08:03:11.360Z] [unzip] deflating: C:\Users\deepa\.cache\firebase\emulators\ui-v1.15.0\client\assets\img\database.png
[debug] [2026-06-22T08:03:11.363Z] [unzip] Entry: client/assets/provider-icons/ (compressed_size=0 bytes, uncompressed_size=0 bytes)
[debug] [2026-06-22T08:03:11.363Z] [unzip] Processing entry: client\assets\provider-icons\
[debug] [2026-06-22T08:03:11.363Z] [unzip] mkdir: C:\Users\deepa\.cache\firebase\emulators\ui-v1.15.0\client\assets\provider-icons\
[debug] [2026-06-22T08:03:11.364Z] [unzip] Entry: client/assets/provider-icons/auth_service_saml.svg (compressed_size=575 bytes, uncompressed_size=1226 bytes)
[debug] [2026-06-22T08:03:11.364Z] [unzip] Processing entry: client\assets\provider-icons\auth_service_saml.svg
[debug] [2026-06-22T08:03:11.364Z] [unzip] else mkdir: C:\Users\deepa\.cache\firebase\emulators\ui-v1.15.0\client\assets\provider-icons
[debug] [2026-06-22T08:03:11.364Z] [unzip] deflating: C:\Users\deepa\.cache\firebase\emulators\ui-v1.15.0\client\assets\provider-icons\auth_service_saml.svg
[debug] [2026-06-22T08:03:11.367Z] [unzip] Entry: client/assets/provider-icons/auth_service_phone.svg (compressed_size=261 bytes, uncompressed_size=414 bytes)
[debug] [2026-06-22T08:03:11.367Z] [unzip] Processing entry: client\assets\provider-icons\auth_service_phone.svg
[debug] [2026-06-22T08:03:11.367Z] [unzip] else mkdir: C:\Users\deepa\.cache\firebase\emulators\ui-v1.15.0\client\assets\provider-icons
[debug] [2026-06-22T08:03:11.368Z] [unzip] deflating: C:\Users\deepa\.cache\firebase\emulators\ui-v1.15.0\client\assets\provider-icons\auth_service_phone.svg
[debug] [2026-06-22T08:03:11.369Z] [unzip] Entry: client/assets/provider-icons/auth_service_facebook.svg (compressed_size=289 bytes, uncompressed_size=457 bytes)
[debug] [2026-06-22T08:03:11.370Z] [unzip] Processing entry: client\assets\provider-icons\auth_service_facebook.svg
[debug] [2026-06-22T08:03:11.370Z] [unzip] else mkdir: C:\Users\deepa\.cache\firebase\emulators\ui-v1.15.0\client\assets\provider-icons
[debug] [2026-06-22T08:03:11.370Z] [unzip] deflating: C:\Users\deepa\.cache\firebase\emulators\ui-v1.15.0\client\assets\provider-icons\auth_service_facebook.svg
[debug] [2026-06-22T08:03:11.373Z] [unzip] Entry: client/assets/provider-icons/auth_service_game_center.svg (compressed_size=991 bytes, uncompressed_size=3921 bytes)
[debug] [2026-06-22T08:03:11.373Z] [unzip] Processing entry: client\assets\provider-icons\auth_service_game_center.svg
[debug] [2026-06-22T08:03:11.373Z] [unzip] else mkdir: C:\Users\deepa\.cache\firebase\emulators\ui-v1.15.0\client\assets\provider-icons
[debug] [2026-06-22T08:03:11.373Z] [unzip] deflating: C:\Users\deepa\.cache\firebase\emulators\ui-v1.15.0\client\assets\provider-icons\auth_service_game_center.svg
[debug] [2026-06-22T08:03:11.375Z] [unzip] Entry: client/assets/provider-icons/auth_service_apple.svg (compressed_size=230 bytes, uncompressed_size=334 bytes)
[debug] [2026-06-22T08:03:11.375Z] [unzip] Processing entry: client\assets\provider-icons\auth_service_apple.svg
[debug] [2026-06-22T08:03:11.375Z] [unzip] else mkdir: C:\Users\deepa\.cache\firebase\emulators\ui-v1.15.0\client\assets\provider-icons
[debug] [2026-06-22T08:03:11.376Z] [unzip] deflating: C:\Users\deepa\.cache\firebase\emulators\ui-v1.15.0\client\assets\provider-icons\auth_service_apple.svg
[debug] [2026-06-22T08:03:11.378Z] [unzip] Entry: client/assets/provider-icons/auth_service_github.svg (compressed_size=466 bytes, uncompressed_size=838 bytes)
[debug] [2026-06-22T08:03:11.378Z] [unzip] Processing entry: client\assets\provider-icons\auth_service_github.svg
[debug] [2026-06-22T08:03:11.378Z] [unzip] else mkdir: C:\Users\deepa\.cache\firebase\emulators\ui-v1.15.0\client\assets\provider-icons
[debug] [2026-06-22T08:03:11.379Z] [unzip] deflating: C:\Users\deepa\.cache\firebase\emulators\ui-v1.15.0\client\assets\provider-icons\auth_service_github.svg
[debug] [2026-06-22T08:03:11.381Z] [unzip] Entry: client/assets/provider-icons/auth_service_mslive.svg (compressed_size=203 bytes, uncompressed_size=378 bytes)
[debug] [2026-06-22T08:03:11.381Z] [unzip] Processing entry: client\assets\provider-icons\auth_service_mslive.svg
[debug] [2026-06-22T08:03:11.381Z] [unzip] else mkdir: C:\Users\deepa\.cache\firebase\emulators\ui-v1.15.0\client\assets\provider-icons
[debug] [2026-06-22T08:03:11.381Z] [unzip] deflating: C:\Users\deepa\.cache\firebase\emulators\ui-v1.15.0\client\assets\provider-icons\auth_service_mslive.svg
[debug] [2026-06-22T08:03:11.384Z] [unzip] Entry: client/assets/provider-icons/auth_service_yahoo.svg (compressed_size=577 bytes, uncompressed_size=1182 bytes)
[debug] [2026-06-22T08:03:11.385Z] [unzip] Processing entry: client\assets\provider-icons\auth_service_yahoo.svg
[debug] [2026-06-22T08:03:11.385Z] [unzip] else mkdir: C:\Users\deepa\.cache\firebase\emulators\ui-v1.15.0\client\assets\provider-icons
[debug] [2026-06-22T08:03:11.385Z] [unzip] deflating: C:\Users\deepa\.cache\firebase\emulators\ui-v1.15.0\client\assets\provider-icons\auth_service_yahoo.svg
[debug] [2026-06-22T08:03:11.387Z] [unzip] Entry: client/assets/provider-icons/auth_service_twitter.svg (compressed_size=444 bytes, uncompressed_size=751 bytes)
[debug] [2026-06-22T08:03:11.387Z] [unzip] Processing entry: client\assets\provider-icons\auth_service_twitter.svg
[debug] [2026-06-22T08:03:11.387Z] [unzip] else mkdir: C:\Users\deepa\.cache\firebase\emulators\ui-v1.15.0\client\assets\provider-icons
[debug] [2026-06-22T08:03:11.388Z] [unzip] deflating: C:\Users\deepa\.cache\firebase\emulators\ui-v1.15.0\client\assets\provider-icons\auth_service_twitter.svg
[debug] [2026-06-22T08:03:11.390Z] [unzip] Entry: client/assets/provider-icons/auth_service_play_games.svg (compressed_size=565 bytes, uncompressed_size=1173 bytes)
[debug] [2026-06-22T08:03:11.390Z] [unzip] Processing entry: client\assets\provider-icons\auth_service_play_games.svg
[debug] [2026-06-22T08:03:11.390Z] [unzip] else mkdir: C:\Users\deepa\.cache\firebase\emulators\ui-v1.15.0\client\assets\provider-icons
[debug] [2026-06-22T08:03:11.391Z] [unzip] deflating: C:\Users\deepa\.cache\firebase\emulators\ui-v1.15.0\client\assets\provider-icons\auth_service_play_games.svg
[debug] [2026-06-22T08:03:11.393Z] [unzip] Entry: client/assets/provider-icons/auth_service_email.svg (compressed_size=228 bytes, uncompressed_size=326 bytes)
[debug] [2026-06-22T08:03:11.393Z] [unzip] Processing entry: client\assets\provider-icons\auth_service_email.svg
[debug] [2026-06-22T08:03:11.393Z] [unzip] else mkdir: C:\Users\deepa\.cache\firebase\emulators\ui-v1.15.0\client\assets\provider-icons
[debug] [2026-06-22T08:03:11.393Z] [unzip] deflating: C:\Users\deepa\.cache\firebase\emulators\ui-v1.15.0\client\assets\provider-icons\auth_service_email.svg
[debug] [2026-06-22T08:03:11.395Z] [unzip] Entry: client/assets/provider-icons/auth_service_google.svg (compressed_size=409 bytes, uncompressed_size=720 bytes)
[debug] [2026-06-22T08:03:11.395Z] [unzip] Processing entry: client\assets\provider-icons\auth_service_google.svg
[debug] [2026-06-22T08:03:11.395Z] [unzip] else mkdir: C:\Users\deepa\.cache\firebase\emulators\ui-v1.15.0\client\assets\provider-icons
[debug] [2026-06-22T08:03:11.396Z] [unzip] deflating: C:\Users\deepa\.cache\firebase\emulators\ui-v1.15.0\client\assets\provider-icons\auth_service_google.svg
[debug] [2026-06-22T08:03:11.398Z] [unzip] Entry: client/assets/provider-icons/auth_service_oidc.svg (compressed_size=414 bytes, uncompressed_size=858 bytes)
[debug] [2026-06-22T08:03:11.398Z] [unzip] Processing entry: client\assets\provider-icons\auth_service_oidc.svg
[debug] [2026-06-22T08:03:11.398Z] [unzip] else mkdir: C:\Users\deepa\.cache\firebase\emulators\ui-v1.15.0\client\assets\provider-icons
[debug] [2026-06-22T08:03:11.398Z] [unzip] deflating: C:\Users\deepa\.cache\firebase\emulators\ui-v1.15.0\client\assets\provider-icons\auth_service_oidc.svg
[debug] [2026-06-22T08:03:11.400Z] [unzip] Entry: client/browserconfig.xml (compressed_size=491 bytes, uncompressed_size=822 bytes)
[debug] [2026-06-22T08:03:11.400Z] [unzip] Processing entry: client\browserconfig.xml
[debug] [2026-06-22T08:03:11.400Z] [unzip] else mkdir: C:\Users\deepa\.cache\firebase\emulators\ui-v1.15.0\client
[debug] [2026-06-22T08:03:11.401Z] [unzip] deflating: C:\Users\deepa\.cache\firebase\emulators\ui-v1.15.0\client\browserconfig.xml
[debug] [2026-06-22T08:03:11.403Z] [unzip] Entry: client/favicon-32x32.png (compressed_size=475 bytes, uncompressed_size=475 bytes)
[debug] [2026-06-22T08:03:11.403Z] [unzip] Processing entry: client\favicon-32x32.png
[debug] [2026-06-22T08:03:11.403Z] [unzip] else mkdir: C:\Users\deepa\.cache\firebase\emulators\ui-v1.15.0\client
[debug] [2026-06-22T08:03:11.404Z] [unzip] Writing file: C:\Users\deepa\.cache\firebase\emulators\ui-v1.15.0\client\favicon-32x32.png
[debug] [2026-06-22T08:03:11.406Z] [unzip] Entry: server/ (compressed_size=0 bytes, uncompressed_size=0 bytes)
[debug] [2026-06-22T08:03:11.406Z] [unzip] Processing entry: server\
[debug] [2026-06-22T08:03:11.406Z] [unzip] mkdir: C:\Users\deepa\.cache\firebase\emulators\ui-v1.15.0\server\
[debug] [2026-06-22T08:03:11.407Z] [unzip] Entry: server/server.mjs.map (compressed_size=217845 bytes, uncompressed_size=944978 bytes)
[debug] [2026-06-22T08:03:11.407Z] [unzip] Processing entry: server\server.mjs.map
[debug] [2026-06-22T08:03:11.407Z] [unzip] else mkdir: C:\Users\deepa\.cache\firebase\emulators\ui-v1.15.0\server
[debug] [2026-06-22T08:03:11.408Z] [unzip] deflating: C:\Users\deepa\.cache\firebase\emulators\ui-v1.15.0\server\server.mjs.map
[debug] [2026-06-22T08:03:11.415Z] [unzip] Entry: server/server.mjs (compressed_size=276407 bytes, uncompressed_size=933701 bytes)
[debug] [2026-06-22T08:03:11.415Z] [unzip] Processing entry: server\server.mjs
[debug] [2026-06-22T08:03:11.416Z] [unzip] else mkdir: C:\Users\deepa\.cache\firebase\emulators\ui-v1.15.0\server
[debug] [2026-06-22T08:03:11.416Z] [unzip] deflating: C:\Users\deepa\.cache\firebase\emulators\ui-v1.15.0\server\server.mjs
[info] i  functions: Watching "C:\Users\deepa\OneDrive\Desktop\Internship\Panstellia\functions" for Cloud Functions... {"metadata":{"emulator":{"name":"functions"},"message":"Watching \"C:\\Users\\deepa\\OneDrive\\Desktop\\Internship\\Panstellia\\functions\" for Cloud Functions..."}}
[debug] [2026-06-22T08:03:11.430Z] Validating nodejs source
[warn] !  functions: Couldn't find firebase-functions package in your source code. Have you run 'npm install'? 
[debug] [2026-06-22T08:03:11.432Z] getFunctionsSDKVersion encountered error: Cannot find module 'firebase-functions'
Require stack:
- C:\Users\deepa\AppData\Local\npm-cache\_npx\7750544ccf494d8b\node_modules\firebase-tools\lib\deploy\functions\runtimes\node\versioning.js
- C:\Users\deepa\AppData\Local\npm-cache\_npx\7750544ccf494d8b\node_modules\firebase-tools\lib\deploy\functions\runtimes\node\index.js
- C:\Users\deepa\AppData\Local\npm-cache\_npx\7750544ccf494d8b\node_modules\firebase-tools\lib\deploy\functions\runtimes\index.js
- C:\Users\deepa\AppData\Local\npm-cache\_npx\7750544ccf494d8b\node_modules\firebase-tools\lib\deploy\functions\prepare.js
- C:\Users\deepa\AppData\Local\npm-cache\_npx\7750544ccf494d8b\node_modules\firebase-tools\lib\emulator\functionsEmulatorShared.js
- C:\Users\deepa\AppData\Local\npm-cache\_npx\7750544ccf494d8b\node_modules\firebase-tools\lib\emulator\functionsEmulator.js
- C:\Users\deepa\AppData\Local\npm-cache\_npx\7750544ccf494d8b\node_modules\firebase-tools\lib\emulator\controller.js
- C:\Users\deepa\AppData\Local\npm-cache\_npx\7750544ccf494d8b\node_modules\firebase-tools\lib\commands\emulators-start.js
- C:\Users\deepa\AppData\Local\npm-cache\_npx\7750544ccf494d8b\node_modules\firebase-tools\lib\commands\index.js
- C:\Users\deepa\AppData\Local\npm-cache\_npx\7750544ccf494d8b\node_modules\firebase-tools\lib\index.js
- C:\Users\deepa\AppData\Local\npm-cache\_npx\7750544ccf494d8b\node_modules\firebase-tools\lib\bin\cli.js
- C:\Users\deepa\AppData\Local\npm-cache\_npx\7750544ccf494d8b\node_modules\firebase-tools\lib\bin\firebase.js {"code":"MODULE_NOT_FOUND","requireStack":["C:\\Users\\deepa\\AppData\\Local\\npm-cache\\_npx\\7750544ccf494d8b\\node_modules\\firebase-tools\\lib\\deploy\\functions\\runtimes\\node\\versioning.js","C:\\Users\\deepa\\AppData\\Local\\npm-cache\\_npx\\7750544ccf494d8b\\node_modules\\firebase-tools\\lib\\deploy\\functions\\runtimes\\node\\index.js","C:\\Users\\deepa\\AppData\\Local\\npm-cache\\_npx\\7750544ccf494d8b\\node_modules\\firebase-tools\\lib\\deploy\\functions\\runtimes\\index.js","C:\\Users\\deepa\\AppData\\Local\\npm-cache\\_npx\\7750544ccf494d8b\\node_modules\\firebase-tools\\lib\\deploy\\functions\\prepare.js","C:\\Users\\deepa\\AppData\\Local\\npm-cache\\_npx\\7750544ccf494d8b\\node_modules\\firebase-tools\\lib\\emulator\\functionsEmulatorShared.js","C:\\Users\\deepa\\AppData\\Local\\npm-cache\\_npx\\7750544ccf494d8b\\node_modules\\firebase-tools\\lib\\emulator\\functionsEmulator.js","C:\\Users\\deepa\\AppData\\Local\\npm-cache\\_npx\\7750544ccf494d8b\\node_modules\\firebase-tools\\lib\\emulator\\controller.js","C:\\Users\\deepa\\AppData\\Local\\npm-cache\\_npx\\7750544ccf494d8b\\node_modules\\firebase-tools\\lib\\commands\\emulators-start.js","C:\\Users\\deepa\\AppData\\Local\\npm-cache\\_npx\\7750544ccf494d8b\\node_modules\\firebase-tools\\lib\\commands\\index.js","C:\\Users\\deepa\\AppData\\Local\\npm-cache\\_npx\\7750544ccf494d8b\\node_modules\\firebase-tools\\lib\\index.js","C:\\Users\\deepa\\AppData\\Local\\npm-cache\\_npx\\7750544ccf494d8b\\node_modules\\firebase-tools\\lib\\bin\\cli.js","C:\\Users\\deepa\\AppData\\Local\\npm-cache\\_npx\\7750544ccf494d8b\\node_modules\\firebase-tools\\lib\\bin\\firebase.js"]}
[debug] [2026-06-22T08:03:11.434Z] checkFunctionsSDKVersion encountered error: Invalid Version:  {}
[debug] [2026-06-22T08:03:11.435Z] > [functions] package.json contents: {
  "name": "panstellia-firebase-functions",
  "private": true,
  "version": "1.0.0",
  "type": "commonjs",
  "main": "index.js",
  "engines": {
    "node": "20"
  },
  "scripts": {
    "lint": "echo \"(optional) add eslint config\""
  },
  "dependencies": {
    "cors": "^2.8.6",
    "firebase-admin": "^12.1.0",
    "firebase-functions": "^6.1.0",
    "razorpay": "^2.9.1"
  }
}
[debug] [2026-06-22T08:03:11.435Z] Building nodejs source
[debug] [2026-06-22T08:03:11.436Z] Failed to find version of module node: reached end of search path C:\Users\deepa\OneDrive\Desktop\Internship\Panstellia\functions\node_modules
[warn] !  functions: Your requested "node" version "20" doesn't match your global version "22". Using node@22 from host. 
[info] i  functions: Loaded environment variables from .env. 
[debug] [2026-06-22T08:03:11.439Z] Could not parse firebase-functions version '' into semver.
[debug] [2026-06-22T08:03:11.440Z] Could not find functions.yaml. Must use http discovery
[error] !!  functions: Failed to load function definition from source: Error: Cannot find module 'firebase-functions'
Require stack:
- C:\Users\deepa\AppData\Local\npm-cache\_npx\7750544ccf494d8b\node_modules\firebase-tools\lib\deploy\functions\runtimes\node\index.js
- C:\Users\deepa\AppData\Local\npm-cache\_npx\7750544ccf494d8b\node_modules\firebase-tools\lib\deploy\functions\runtimes\index.js
- C:\Users\deepa\AppData\Local\npm-cache\_npx\7750544ccf494d8b\node_modules\firebase-tools\lib\deploy\functions\prepare.js
- C:\Users\deepa\AppData\Local\npm-cache\_npx\7750544ccf494d8b\node_modules\firebase-tools\lib\emulator\functionsEmulatorShared.js
- C:\Users\deepa\AppData\Local\npm-cache\_npx\7750544ccf494d8b\node_modules\firebase-tools\lib\emulator\functionsEmulator.js
- C:\Users\deepa\AppData\Local\npm-cache\_npx\7750544ccf494d8b\node_modules\firebase-tools\lib\emulator\controller.js
- C:\Users\deepa\AppData\Local\npm-cache\_npx\7750544ccf494d8b\node_modules\firebase-tools\lib\commands\emulators-start.js
- C:\Users\deepa\AppData\Local\npm-cache\_npx\7750544ccf494d8b\node_modules\firebase-tools\lib\commands\index.js
- C:\Users\deepa\AppData\Local\npm-cache\_npx\7750544ccf494d8b\node_modules\firebase-tools\lib\index.js
- C:\Users\deepa\AppData\Local\npm-cache\_npx\7750544ccf494d8b\node_modules\firebase-tools\lib\bin\cli.js
- C:\Users\deepa\AppData\Local\npm-cache\_npx\7750544ccf494d8b\node_modules\firebase-tools\lib\bin\firebase.js {"metadata":{"emulator":{"name":"functions"},"message":"Failed to load function definition from source: Error: Cannot find module 'firebase-functions'\nRequire stack:\n- C:\\Users\\deepa\\AppData\\Local\\npm-cache\\_npx\\7750544ccf494d8b\\node_modules\\firebase-tools\\lib\\deploy\\functions\\runtimes\\node\\index.js\n- C:\\Users\\deepa\\AppData\\Local\\npm-cache\\_npx\\7750544ccf494d8b\\node_modules\\firebase-tools\\lib\\deploy\\functions\\runtimes\\index.js\n- C:\\Users\\deepa\\AppData\\Local\\npm-cache\\_npx\\7750544ccf494d8b\\node_modules\\firebase-tools\\lib\\deploy\\functions\\prepare.js\n- C:\\Users\\deepa\\AppData\\Local\\npm-cache\\_npx\\7750544ccf494d8b\\node_modules\\firebase-tools\\lib\\emulator\\functionsEmulatorShared.js\n- C:\\Users\\deepa\\AppData\\Local\\npm-cache\\_npx\\7750544ccf494d8b\\node_modules\\firebase-tools\\lib\\emulator\\functionsEmulator.js\n- C:\\Users\\deepa\\AppData\\Local\\npm-cache\\_npx\\7750544ccf494d8b\\node_modules\\firebase-tools\\lib\\emulator\\controller.js\n- C:\\Users\\deepa\\AppData\\Local\\npm-cache\\_npx\\7750544ccf494d8b\\node_modules\\firebase-tools\\lib\\commands\\emulators-start.js\n- C:\\Users\\deepa\\AppData\\Local\\npm-cache\\_npx\\7750544ccf494d8b\\node_modules\\firebase-tools\\lib\\commands\\index.js\n- C:\\Users\\deepa\\AppData\\Local\\npm-cache\\_npx\\7750544ccf494d8b\\node_modules\\firebase-tools\\lib\\index.js\n- C:\\Users\\deepa\\AppData\\Local\\npm-cache\\_npx\\7750544ccf494d8b\\node_modules\\firebase-tools\\lib\\bin\\cli.js\n- C:\\Users\\deepa\\AppData\\Local\\npm-cache\\_npx\\7750544ccf494d8b\\node_modules\\firebase-tools\\lib\\bin\\firebase.js"}}
[debug] [2026-06-22T08:03:11.459Z] Could not find VSCode notification endpoint: FetchError: request to http://localhost:40001/vscode/notify failed, reason: . If you are not running the Firebase SQL Connect VSCode extension, this is expected and not an issue.
[info] 
┌─────────────────────────────────────────────────────────────┐
│ ✔  All emulators ready! It is now safe to connect your app. │
│ i  View Emulator UI at http://127.0.0.1:4000/               │
└─────────────────────────────────────────────────────────────┘

┌───────────┬────────────────┬─────────────────────────────────┐
│ Emulator  │ Host:Port      │ View in Emulator UI             │
├───────────┼────────────────┼─────────────────────────────────┤
│ Functions │ 127.0.0.1:5001 │ http://127.0.0.1:4000/functions │
└───────────┴────────────────┴─────────────────────────────────┘
  Emulator Hub host: 127.0.0.1 port: 4400
  Other reserved ports: 4500

Issues? Report them at https://github.com/firebase/firebase-tools/issues and attach the *-debug.log files.
 
[debug] [2026-06-22T08:12:47.636Z] [work-queue] {"queuedWork":["/panstellia-65653/asia-south1/createOrder-2026-06-22T08:12:47.636Z"],"queueLength":1,"runningWork":[],"workRunningCount":0}
[debug] [2026-06-22T08:12:47.637Z] [work-queue] {"queuedWork":[],"queueLength":0,"runningWork":["/panstellia-65653/asia-south1/createOrder-2026-06-22T08:12:47.636Z"],"workRunningCount":1}
[debug] [2026-06-22T08:12:47.640Z] [work-queue] {"queuedWork":[],"queueLength":0,"runningWork":[],"workRunningCount":0}
[debug] [2026-06-22T08:13:04.439Z] [work-queue] {"queuedWork":["/panstellia-65653/asia-south1/createOrder-2026-06-22T08:13:04.439Z"],"queueLength":1,"runningWork":[],"workRunningCount":0}
[debug] [2026-06-22T08:13:04.439Z] [work-queue] {"queuedWork":[],"queueLength":0,"runningWork":["/panstellia-65653/asia-south1/createOrder-2026-06-22T08:13:04.439Z"],"workRunningCount":1}
[debug] [2026-06-22T08:13:04.440Z] [work-queue] {"queuedWork":[],"queueLength":0,"runningWork":[],"workRunningCount":0}
[debug] [2026-06-22T08:13:26.459Z] [work-queue] {"queuedWork":["/panstellia-65653/asia-south1/createOrder-2026-06-22T08:13:26.459Z"],"queueLength":1,"runningWork":[],"workRunningCount":0}
[debug] [2026-06-22T08:13:26.460Z] [work-queue] {"queuedWork":[],"queueLength":0,"runningWork":["/panstellia-65653/asia-south1/createOrder-2026-06-22T08:13:26.459Z"],"workRunningCount":1}
[debug] [2026-06-22T08:13:26.463Z] [work-queue] {"queuedWork":[],"queueLength":0,"runningWork":[],"workRunningCount":0}
[debug] [2026-06-22T08:22:05.941Z] ----------------------------------------------------------------------
[debug] [2026-06-22T08:22:05.945Z] Command:       C:\Program Files\nodejs\node.exe C:\Users\deepa\AppData\Local\npm-cache\_npx\7750544ccf494d8b\node_modules\firebase-tools\lib\bin\firebase.js emulators:start --only functions
[debug] [2026-06-22T08:22:05.945Z] CLI Version:   15.22.0
[debug] [2026-06-22T08:22:05.946Z] Platform:      win32
[debug] [2026-06-22T08:22:05.946Z] Node Version:  v22.16.0
[debug] [2026-06-22T08:22:05.946Z] Detected Agent: antigravity
[debug] [2026-06-22T08:22:05.946Z] Time:          Mon Jun 22 2026 13:52:05 GMT+0530 (India Standard Time)
[debug] [2026-06-22T08:22:05.947Z] ----------------------------------------------------------------------
[debug] 
[debug] [2026-06-22T08:22:09.211Z] > command requires scopes: ["email","openid","https://www.googleapis.com/auth/cloudplatformprojects.readonly","https://www.googleapis.com/auth/firebase","https://www.googleapis.com/auth/cloud-platform"]
[debug] Failed to authenticate, have you run firebase login?
[warn] !  emulators: You are not currently authenticated so some features may not work correctly. Please run firebase login to authenticate the CLI. 
[info] i  emulators: Starting emulators: functions {"metadata":{"emulator":{"name":"hub"},"message":"Starting emulators: functions"}}
[debug] [2026-06-22T08:22:09.298Z] [logging] Logging Emulator only supports listening on one address (127.0.0.1). Not listening on ::1
[debug] [2026-06-22T08:22:09.298Z] assigned listening specs for emulators {"user":{"hub":[{"address":"127.0.0.1","family":"IPv4","port":4400},{"address":"::1","family":"IPv6","port":4400}],"ui":[{"address":"127.0.0.1","family":"IPv4","port":4000},{"address":"::1","family":"IPv6","port":4000}],"logging":[{"address":"127.0.0.1","family":"IPv4","port":4500}]},"metadata":{"message":"assigned listening specs for emulators"}}
[debug] [2026-06-22T08:22:09.305Z] Found emulator hub locator: {"version":"15.22.0","origins":["http://127.0.0.1:4400","http://[::1]:4400"],"pid":11312}
[debug] [2026-06-22T08:22:09.306Z] Write emulator hub locator at C:\Users\deepa\AppData\Local\Temp\hub-panstellia-65653.json
[debug] [2026-06-22T08:22:09.323Z] [functions] Functions Emulator only supports listening on one address (127.0.0.1). Not listening on ::1
[debug] [2026-06-22T08:22:09.324Z] [eventarc] Eventarc Emulator only supports listening on one address (127.0.0.1). Not listening on ::1
[debug] [2026-06-22T08:22:09.324Z] [tasks] Cloud Tasks Emulator only supports listening on one address (127.0.0.1). Not listening on ::1
[debug] [2026-06-22T08:22:09.324Z] late-assigned ports for functions and eventarc emulators {"user":{"hub":[{"address":"127.0.0.1","family":"IPv4","port":4400},{"address":"::1","family":"IPv6","port":4400}],"ui":[{"address":"127.0.0.1","family":"IPv4","port":4000},{"address":"::1","family":"IPv6","port":4000}],"logging":[{"address":"127.0.0.1","family":"IPv4","port":4500}],"functions":[{"address":"127.0.0.1","family":"IPv4","port":5001}],"eventarc":[{"address":"127.0.0.1","family":"IPv4","port":9299}],"tasks":[{"address":"127.0.0.1","family":"IPv4","port":9499}]},"metadata":{"message":"late-assigned ports for functions and eventarc emulators"}}
[warn] !  functions: The following emulators are not running, calls to these services from the Functions emulator will affect production: apphosting, auth, firestore, database, hosting, pubsub, storage, dataconnect {"metadata":{"emulator":{"name":"functions"},"message":"The following emulators are not running, calls to these services from the Functions emulator will affect production: \u001b[1mapphosting, auth, firestore, database, hosting, pubsub, storage, dataconnect\u001b[22m"}}
[debug] [2026-06-22T08:22:09.328Z] No OAuth tokens found
[debug] [2026-06-22T08:22:09.329Z] No OAuth tokens found
[debug] [2026-06-22T08:22:09.329Z] > command requires scopes: ["email","openid","https://www.googleapis.com/auth/cloudplatformprojects.readonly","https://www.googleapis.com/auth/firebase","https://www.googleapis.com/auth/cloud-platform"]
[debug] [2026-06-22T08:22:09.330Z] Failed to get Admin SDK config for panstellia-65653, falling back to cache Failed to get Admin SDK for Firebase project panstellia-65653. Please make sure the project exists and your account has permission to access it. {"name":"FirebaseError","children":[],"exit":2,"message":"Failed to get Admin SDK for Firebase project panstellia-65653. Please make sure the project exists and your account has permission to access it.","original":{"name":"FirebaseError","children":[],"exit":1,"message":"Failed to authenticate, have you run \u001b[1mfirebase login\u001b[22m?","original":{},"status":500},"status":500}
[warn] !  functions: Unable to fetch project Admin SDK configuration, Admin SDK behavior in Cloud Functions emulator may be incorrect. {"metadata":{"emulator":{"name":"functions"},"message":"Unable to fetch project Admin SDK configuration, Admin SDK behavior in Cloud Functions emulator may be incorrect."}}
[info] i  functions: Watching "C:\Users\deepa\OneDrive\Desktop\Internship\Panstellia\functions" for Cloud Functions... {"metadata":{"emulator":{"name":"functions"},"message":"Watching \"C:\\Users\\deepa\\OneDrive\\Desktop\\Internship\\Panstellia\\functions\" for Cloud Functions..."}}
[debug] [2026-06-22T08:22:09.362Z] Validating nodejs source
[debug] [2026-06-22T08:22:19.425Z] checkFunctionsSDKVersion was unable to fetch information from NPM Error: spawnSync C:\Windows\system32\cmd.exe ETIMEDOUT
    at Object.spawnSync (node:internal/child_process:1120:20)
    at Object.spawnSync (node:child_process:868:24)
    at Function.spawnSync [as sync] (C:\Users\deepa\AppData\Local\npm-cache\_npx\7750544ccf494d8b\node_modules\cross-spawn\index.js:26:23)
    at Object.getLatestSDKVersion (C:\Users\deepa\AppData\Local\npm-cache\_npx\7750544ccf494d8b\node_modules\firebase-tools\lib\deploy\functions\runtimes\node\versioning.js:55:25)
    at Object.checkFunctionsSDKVersion (C:\Users\deepa\AppData\Local\npm-cache\_npx\7750544ccf494d8b\node_modules\firebase-tools\lib\deploy\functions\runtimes\node\versioning.js:74:32)
    at Delegate.validate (C:\Users\deepa\AppData\Local\npm-cache\_npx\7750544ccf494d8b\node_modules\firebase-tools\lib\deploy\functions\runtimes\node\index.js:88:20)
    at FunctionsEmulator.discoverTriggers (C:\Users\deepa\AppData\Local\npm-cache\_npx\7750544ccf494d8b\node_modules\firebase-tools\lib\emulator\functionsEmulator.js:352:35)
    at async FunctionsEmulator.loadTriggers (C:\Users\deepa\AppData\Local\npm-cache\_npx\7750544ccf494d8b\node_modules\firebase-tools\lib\emulator\functionsEmulator.js:399:34)
    at async FunctionsEmulator.connect (C:\Users\deepa\AppData\Local\npm-cache\_npx\7750544ccf494d8b\node_modules\firebase-tools\lib\emulator\functionsEmulator.js:274:13)
    at async Object.startAll (C:\Users\deepa\AppData\Local\npm-cache\_npx\7750544ccf494d8b\node_modules\firebase-tools\lib\emulator\controller.js:695:13)
[debug] [2026-06-22T08:22:19.426Z] > [functions] package.json contents: {
  "name": "panstellia-firebase-functions",
  "private": true,
  "version": "1.0.0",
  "type": "commonjs",
  "main": "index.js",
  "engines": {
    "node": "20"
  },
  "scripts": {
    "lint": "echo \"(optional) add eslint config\""
  },
  "dependencies": {
    "cors": "^2.8.6",
    "firebase-admin": "^12.1.0",
    "firebase-functions": "^6.1.0",
    "razorpay": "^2.9.1"
  }
}
[debug] [2026-06-22T08:22:19.426Z] Building nodejs source
[debug] [2026-06-22T08:22:19.427Z] Failed to find version of module node: reached end of search path C:\Users\deepa\OneDrive\Desktop\Internship\Panstellia\functions\node_modules
[warn] !  functions: Your requested "node" version "20" doesn't match your global version "22". Using node@22 from host. 
[info] i  functions: Loaded environment variables from .env. 
[debug] [2026-06-22T08:22:19.433Z] Could not find functions.yaml. Must use http discovery
[debug] [2026-06-22T08:22:19.446Z] Found firebase-functions binary at 'C:\Users\deepa\OneDrive\Desktop\Internship\Panstellia\functions\node_modules\.bin\firebase-functions'
[info] Serving at port 8282

[debug] [2026-06-22T08:22:21.076Z] Got response from /__/functions.yaml {"endpoints":{"createOrder":{"availableMemoryMb":null,"timeoutSeconds":null,"minInstances":null,"maxInstances":null,"ingressSettings":null,"concurrency":null,"serviceAccountEmail":null,"vpc":null,"platform":"gcfv2","region":["asia-south1"],"secretEnvironmentVariables":[{"key":"RAZORPAY_KEY_ID"},{"key":"RAZORPAY_KEY_SECRET"}],"labels":{},"httpsTrigger":{},"entryPoint":"createOrder"},"verifyPayment":{"availableMemoryMb":null,"timeoutSeconds":null,"minInstances":null,"maxInstances":null,"ingressSettings":null,"concurrency":null,"serviceAccountEmail":null,"vpc":null,"platform":"gcfv2","region":["asia-south1"],"secretEnvironmentVariables":[{"key":"RAZORPAY_KEY_ID"},{"key":"RAZORPAY_KEY_SECRET"}],"labels":{},"httpsTrigger":{},"entryPoint":"verifyPayment"},"markPaymentFailed":{"availableMemoryMb":null,"timeoutSeconds":null,"minInstances":null,"maxInstances":null,"ingressSettings":null,"concurrency":null,"serviceAccountEmail":null,"vpc":null,"platform":"gcfv2","region":["asia-south1"],"secretEnvironmentVariables":[{"key":"RAZORPAY_KEY_ID"},{"key":"RAZORPAY_KEY_SECRET"}],"labels":{},"httpsTrigger":{},"entryPoint":"markPaymentFailed"}},"specVersion":"v1alpha1","requiredAPIs":[],"extensions":{},"params":[{"type":"secret","name":"RAZORPAY_KEY_ID"},{"type":"secret","name":"RAZORPAY_KEY_SECRET"}]}
[info] +  functions: Loaded functions definitions from source: createOrder, verifyPayment, markPaymentFailed. {"metadata":{"emulator":{"name":"functions"},"message":"Loaded functions definitions from source: createOrder, verifyPayment, markPaymentFailed."}}
[info] +  functions[asia-south1-createOrder]: http function initialized (http://127.0.0.1:5001/panstellia-65653/asia-south1/createOrder). {"metadata":{"emulator":{"name":"functions"},"message":"\u001b[1mhttp\u001b[22m function initialized (http://127.0.0.1:5001/panstellia-65653/asia-south1/createOrder)."}}
[info] +  functions[asia-south1-verifyPayment]: http function initialized (http://127.0.0.1:5001/panstellia-65653/asia-south1/verifyPayment). {"metadata":{"emulator":{"name":"functions"},"message":"\u001b[1mhttp\u001b[22m function initialized (http://127.0.0.1:5001/panstellia-65653/asia-south1/verifyPayment)."}}
[info] +  functions[asia-south1-markPaymentFailed]: http function initialized (http://127.0.0.1:5001/panstellia-65653/asia-south1/markPaymentFailed). {"metadata":{"emulator":{"name":"functions"},"message":"\u001b[1mhttp\u001b[22m function initialized (http://127.0.0.1:5001/panstellia-65653/asia-south1/markPaymentFailed)."}}
[debug] [2026-06-22T08:22:25.153Z] Could not find VSCode notification endpoint: FetchError: request to http://localhost:40001/vscode/notify failed, reason: . If you are not running the Firebase SQL Connect VSCode extension, this is expected and not an issue.
[info] 
┌─────────────────────────────────────────────────────────────┐
│ ✔  All emulators ready! It is now safe to connect your app. │
│ i  View Emulator UI at http://127.0.0.1:4000/               │
└─────────────────────────────────────────────────────────────┘

┌───────────┬────────────────┬─────────────────────────────────┐
│ Emulator  │ Host:Port      │ View in Emulator UI             │
├───────────┼────────────────┼─────────────────────────────────┤
│ Functions │ 127.0.0.1:5001 │ http://127.0.0.1:4000/functions │
└───────────┴────────────────┴─────────────────────────────────┘
  Emulator Hub host: 127.0.0.1 port: 4400
  Other reserved ports: 4500

Issues? Report them at https://github.com/firebase/firebase-tools/issues and attach the *-debug.log files.
 
[debug] [2026-06-22T08:26:54.325Z] [work-queue] {"queuedWork":["/panstellia-65653/asia-south1/createOrder-2026-06-22T08:26:54.325Z"],"queueLength":1,"runningWork":[],"workRunningCount":0}
[debug] [2026-06-22T08:26:54.325Z] [work-queue] {"queuedWork":[],"queueLength":0,"runningWork":["/panstellia-65653/asia-south1/createOrder-2026-06-22T08:26:54.325Z"],"workRunningCount":1}
[debug] [2026-06-22T08:26:54.326Z] Accepted request OPTIONS /panstellia-65653/asia-south1/createOrder --> asia-south1-createOrder
[debug] [2026-06-22T08:26:54.328Z] [functions] Runtime ready! Sending request! {"metadata":{"emulator":{"name":"functions"},"message":"[functions] Runtime ready! Sending request!"}}
[debug] [2026-06-22T08:26:54.330Z] [functions] Got req.url=/panstellia-65653/asia-south1/createOrder, mapping to path=/ {"metadata":{"emulator":{"name":"functions"},"message":"[functions] Got req.url=/panstellia-65653/asia-south1/createOrder, mapping to path=/"}}
[info] i  functions: Loaded environment variables from .env. 
[info] i  functions: Trying to access secret RAZORPAY_KEY_ID@latest {"metadata":{"emulator":{"name":"functions"},"message":"Trying to access secret RAZORPAY_KEY_ID@latest"}}
[debug] [2026-06-22T08:26:54.335Z] No OAuth tokens found
[debug] [2026-06-22T08:26:54.336Z] No OAuth tokens found
[debug] [2026-06-22T08:26:54.336Z] > command requires scopes: ["email","openid","https://www.googleapis.com/auth/cloudplatformprojects.readonly","https://www.googleapis.com/auth/firebase","https://www.googleapis.com/auth/cloud-platform"]
[info] i  functions: Trying to access secret RAZORPAY_KEY_SECRET@latest {"metadata":{"emulator":{"name":"functions"},"message":"Trying to access secret RAZORPAY_KEY_SECRET@latest"}}
[debug] [2026-06-22T08:26:54.337Z] No OAuth tokens found
[debug] [2026-06-22T08:26:54.338Z] No OAuth tokens found
[debug] [2026-06-22T08:26:54.339Z] > command requires scopes: ["email","openid","https://www.googleapis.com/auth/cloudplatformprojects.readonly","https://www.googleapis.com/auth/firebase","https://www.googleapis.com/auth/cloud-platform"]
[error] !!  functions: Unable to access secret environment variables from Google Cloud Secret Manager. Make sure the credential used for the Functions Emulator have access or provide override values in C:\Users\deepa\OneDrive\Desktop\Internship\Panstellia\functions\.secret.local:
	FirebaseError: Failed to authenticate, have you run firebase login?
	FirebaseError: Failed to authenticate, have you run firebase login? {"metadata":{"emulator":{"name":"functions"},"message":"Unable to access secret environment variables from Google Cloud Secret Manager. Make sure the credential used for the Functions Emulator have access or provide override values in C:\\Users\\deepa\\OneDrive\\Desktop\\Internship\\Panstellia\\functions\\.secret.local:\n\tFirebaseError: Failed to authenticate, have you run \u001b[1mfirebase login\u001b[22m?\n\tFirebaseError: Failed to authenticate, have you run \u001b[1mfirebase login\u001b[22m?"}}
[debug] [2026-06-22T08:26:54.365Z] [worker-pool] addWorker(asia-south1-createOrder) {"metadata":{"emulator":{"name":"functions"},"message":"[worker-pool] addWorker(asia-south1-createOrder)"}}
[debug] [2026-06-22T08:26:54.367Z] [worker-pool] Adding worker with key asia-south1-createOrder, total=1 {"metadata":{"emulator":{"name":"functions"},"message":"[worker-pool] Adding worker with key asia-south1-createOrder, total=1"}}
[debug] [2026-06-22T08:26:57.005Z] [runtime-status] [25856] Resolved module firebase-admin {"declared":true,"installed":true,"version":"12.7.0","resolution":"C:\\Users\\deepa\\OneDrive\\Desktop\\Internship\\Panstellia\\functions\\node_modules\\firebase-admin\\lib\\index.js"} {"metadata":{"emulator":{"name":"functions"},"function":{"name":"asia-south1-createOrder"},"extension":{},"message":"[runtime-status] [25856] Resolved module firebase-admin {\"declared\":true,\"installed\":true,\"version\":\"12.7.0\",\"resolution\":\"C:\\\\Users\\\\deepa\\\\OneDrive\\\\Desktop\\\\Internship\\\\Panstellia\\\\functions\\\\node_modules\\\\firebase-admin\\\\lib\\\\index.js\"}"}}
[debug] [2026-06-22T08:26:57.008Z] [runtime-status] [25856] Resolved module firebase-functions {"declared":true,"installed":true,"version":"6.6.0","resolution":"C:\\Users\\deepa\\OneDrive\\Desktop\\Internship\\Panstellia\\functions\\node_modules\\firebase-functions\\lib\\v2\\index.js"} {"metadata":{"emulator":{"name":"functions"},"function":{"name":"asia-south1-createOrder"},"extension":{},"message":"[runtime-status] [25856] Resolved module firebase-functions {\"declared\":true,\"installed\":true,\"version\":\"6.6.0\",\"resolution\":\"C:\\\\Users\\\\deepa\\\\OneDrive\\\\Desktop\\\\Internship\\\\Panstellia\\\\functions\\\\node_modules\\\\firebase-functions\\\\lib\\\\v2\\\\index.js\"}"}}
[debug] [2026-06-22T08:26:57.009Z] [runtime-status] [25856] Outgoing network have been stubbed. [{"name":"http","status":"mocked"},{"name":"http","status":"mocked"},{"name":"https","status":"mocked"},{"name":"https","status":"mocked"},{"name":"net","status":"mocked"}] {"metadata":{"emulator":{"name":"functions"},"function":{"name":"asia-south1-createOrder"},"extension":{},"message":"[runtime-status] [25856] Outgoing network have been stubbed. [{\"name\":\"http\",\"status\":\"mocked\"},{\"name\":\"http\",\"status\":\"mocked\"},{\"name\":\"https\",\"status\":\"mocked\"},{\"name\":\"https\",\"status\":\"mocked\"},{\"name\":\"net\",\"status\":\"mocked\"}]"}}
[debug] [2026-06-22T08:26:57.011Z] [runtime-status] [25856] Resolved module firebase-functions {"declared":true,"installed":true,"version":"6.6.0","resolution":"C:\\Users\\deepa\\OneDrive\\Desktop\\Internship\\Panstellia\\functions\\node_modules\\firebase-functions\\lib\\v2\\index.js"} {"metadata":{"emulator":{"name":"functions"},"function":{"name":"asia-south1-createOrder"},"extension":{},"message":"[runtime-status] [25856] Resolved module firebase-functions {\"declared\":true,\"installed\":true,\"version\":\"6.6.0\",\"resolution\":\"C:\\\\Users\\\\deepa\\\\OneDrive\\\\Desktop\\\\Internship\\\\Panstellia\\\\functions\\\\node_modules\\\\firebase-functions\\\\lib\\\\v2\\\\index.js\"}"}}
[debug] [2026-06-22T08:26:57.562Z] [runtime-status] [25856] Resolved module firebase-admin {"declared":true,"installed":true,"version":"12.7.0","resolution":"C:\\Users\\deepa\\OneDrive\\Desktop\\Internship\\Panstellia\\functions\\node_modules\\firebase-admin\\lib\\index.js"} {"metadata":{"emulator":{"name":"functions"},"function":{"name":"asia-south1-createOrder"},"extension":{},"message":"[runtime-status] [25856] Resolved module firebase-admin {\"declared\":true,\"installed\":true,\"version\":\"12.7.0\",\"resolution\":\"C:\\\\Users\\\\deepa\\\\OneDrive\\\\Desktop\\\\Internship\\\\Panstellia\\\\functions\\\\node_modules\\\\firebase-admin\\\\lib\\\\index.js\"}"}}
[debug] [2026-06-22T08:26:57.569Z] [runtime-status] [25856] Resolved module firebase-functions {"declared":true,"installed":true,"version":"6.6.0","resolution":"C:\\Users\\deepa\\OneDrive\\Desktop\\Internship\\Panstellia\\functions\\node_modules\\firebase-functions\\lib\\v2\\index.js"} {"metadata":{"emulator":{"name":"functions"},"function":{"name":"asia-south1-createOrder"},"extension":{},"message":"[runtime-status] [25856] Resolved module firebase-functions {\"declared\":true,\"installed\":true,\"version\":\"6.6.0\",\"resolution\":\"C:\\\\Users\\\\deepa\\\\OneDrive\\\\Desktop\\\\Internship\\\\Panstellia\\\\functions\\\\node_modules\\\\firebase-functions\\\\lib\\\\v2\\\\index.js\"}"}}
[debug] [2026-06-22T08:26:58.135Z] [runtime-status] [25856] firebase-admin has been stubbed. {"adminResolution":{"declared":true,"installed":true,"version":"12.7.0","resolution":"C:\\Users\\deepa\\OneDrive\\Desktop\\Internship\\Panstellia\\functions\\node_modules\\firebase-admin\\lib\\index.js"}} {"metadata":{"emulator":{"name":"functions"},"function":{"name":"asia-south1-createOrder"},"extension":{},"message":"[runtime-status] [25856] firebase-admin has been stubbed. {\"adminResolution\":{\"declared\":true,\"installed\":true,\"version\":\"12.7.0\",\"resolution\":\"C:\\\\Users\\\\deepa\\\\OneDrive\\\\Desktop\\\\Internship\\\\Panstellia\\\\functions\\\\node_modules\\\\firebase-admin\\\\lib\\\\index.js\"}}"}}
[debug] [2026-06-22T08:26:58.286Z] [runtime-status] [25856] initializeApp(DEFAULT) {"storageBucket":"panstellia-65653.appspot.com","databaseURL":"https://panstellia-65653.firebaseio.com","projectId":"panstellia-65653"} {"metadata":{"emulator":{"name":"functions"},"function":{"name":"asia-south1-createOrder"},"extension":{},"message":"[runtime-status] [25856] initializeApp(DEFAULT) {\"storageBucket\":\"panstellia-65653.appspot.com\",\"databaseURL\":\"https://panstellia-65653.firebaseio.com\",\"projectId\":\"panstellia-65653\"}"}}
[debug] [2026-06-22T08:26:58.294Z] [runtime-status] [25856] Functions runtime initialized. {"cwd":"C:\\Users\\deepa\\OneDrive\\Desktop\\Internship\\Panstellia\\functions","node_version":"22.16.0"} {"metadata":{"emulator":{"name":"functions"},"function":{"name":"asia-south1-createOrder"},"extension":{},"message":"[runtime-status] [25856] Functions runtime initialized. {\"cwd\":\"C:\\\\Users\\\\deepa\\\\OneDrive\\\\Desktop\\\\Internship\\\\Panstellia\\\\functions\",\"node_version\":\"22.16.0\"}"}}
[debug] [2026-06-22T08:26:58.294Z] [runtime-status] [25856] Listening to port: \\?\pipe\fire_emu_5041b3772cbf0dd3 {"metadata":{"emulator":{"name":"functions"},"function":{"name":"asia-south1-createOrder"},"extension":{},"message":"[runtime-status] [25856] Listening to port: \\\\?\\pipe\\fire_emu_5041b3772cbf0dd3"}}
[debug] [2026-06-22T08:26:58.408Z] [worker-asia-south1-createOrder-70b4aedd-f370-407e-a64f-e06c6766dd02]: IDLE {"metadata":{"emulator":{"name":"functions"},"function":{"name":"asia-south1-createOrder"},"extension":{},"message":"[worker-asia-south1-createOrder-70b4aedd-f370-407e-a64f-e06c6766dd02]: IDLE"}}
[debug] [2026-06-22T08:26:58.408Z] [worker-pool] submitRequest(triggerId=asia-south1-createOrder) {"metadata":{"emulator":{"name":"functions"},"message":"[worker-pool] submitRequest(triggerId=asia-south1-createOrder)"}}
[info] i  functions: Beginning execution of "asia-south1-createOrder" {"metadata":{"emulator":{"name":"functions"},"function":{"name":"asia-south1-createOrder"},"extension":{},"message":"Beginning execution of \"asia-south1-createOrder\""}}
[debug] [2026-06-22T08:26:58.409Z] [worker-asia-south1-createOrder-70b4aedd-f370-407e-a64f-e06c6766dd02]: BUSY {"metadata":{"emulator":{"name":"functions"},"function":{"name":"asia-south1-createOrder"},"extension":{},"message":"[worker-asia-south1-createOrder-70b4aedd-f370-407e-a64f-e06c6766dd02]: BUSY"}}
[debug] [2026-06-22T08:26:58.415Z] Finishing up request with event=pause {"metadata":{"emulator":{"name":"functions"},"function":{"name":"asia-south1-createOrder"},"extension":{},"message":"Finishing up request with event=pause"}}
[info] i  functions: Finished "asia-south1-createOrder" in 5.6626ms {"metadata":{"emulator":{"name":"functions"},"function":{"name":"asia-south1-createOrder"},"extension":{},"message":"Finished \"asia-south1-createOrder\" in 5.6626ms"}}
[debug] [2026-06-22T08:26:58.415Z] [worker-asia-south1-createOrder-70b4aedd-f370-407e-a64f-e06c6766dd02]: IDLE {"metadata":{"emulator":{"name":"functions"},"function":{"name":"asia-south1-createOrder"},"extension":{},"message":"[worker-asia-south1-createOrder-70b4aedd-f370-407e-a64f-e06c6766dd02]: IDLE"}}
[debug] [2026-06-22T08:26:58.416Z] Finishing up request with event=finish {"metadata":{"emulator":{"name":"functions"},"function":{"name":"asia-south1-createOrder"},"extension":{},"message":"Finishing up request with event=finish"}}
[debug] [2026-06-22T08:26:58.416Z] Finishing up request with event=close {"metadata":{"emulator":{"name":"functions"},"function":{"name":"asia-south1-createOrder"},"extension":{},"message":"Finishing up request with event=close"}}
[debug] [2026-06-22T08:26:58.416Z] [work-queue] {"queuedWork":[],"queueLength":0,"runningWork":[],"workRunningCount":0}
[debug] [2026-06-22T08:26:58.417Z] [work-queue] {"queuedWork":["/panstellia-65653/asia-south1/createOrder-2026-06-22T08:26:58.417Z"],"queueLength":1,"runningWork":[],"workRunningCount":0}
[debug] [2026-06-22T08:26:58.418Z] [work-queue] {"queuedWork":[],"queueLength":0,"runningWork":["/panstellia-65653/asia-south1/createOrder-2026-06-22T08:26:58.417Z"],"workRunningCount":1}
[debug] [2026-06-22T08:26:58.418Z] Accepted request POST /panstellia-65653/asia-south1/createOrder --> asia-south1-createOrder
[debug] [2026-06-22T08:26:58.419Z] [functions] Runtime ready! Sending request! {"metadata":{"emulator":{"name":"functions"},"message":"[functions] Runtime ready! Sending request!"}}
[debug] [2026-06-22T08:26:58.419Z] [functions] Got req.url=/panstellia-65653/asia-south1/createOrder, mapping to path=/ {"metadata":{"emulator":{"name":"functions"},"message":"[functions] Got req.url=/panstellia-65653/asia-south1/createOrder, mapping to path=/"}}
[debug] [2026-06-22T08:26:58.419Z] [worker-pool] submitRequest(triggerId=asia-south1-createOrder) {"metadata":{"emulator":{"name":"functions"},"message":"[worker-pool] submitRequest(triggerId=asia-south1-createOrder)"}}
[info] i  functions: Beginning execution of "asia-south1-createOrder" {"metadata":{"emulator":{"name":"functions"},"function":{"name":"asia-south1-createOrder"},"extension":{},"message":"Beginning execution of \"asia-south1-createOrder\""}}
[debug] [2026-06-22T08:26:58.419Z] [worker-asia-south1-createOrder-70b4aedd-f370-407e-a64f-e06c6766dd02]: BUSY {"metadata":{"emulator":{"name":"functions"},"function":{"name":"asia-south1-createOrder"},"extension":{},"message":"[worker-asia-south1-createOrder-70b4aedd-f370-407e-a64f-e06c6766dd02]: BUSY"}}
[info] >  [functions] incoming request { {"user":"[functions] incoming request {","metadata":{"emulator":{"name":"functions"},"function":{"name":"asia-south1-createOrder"},"extension":{},"message":"\u001b[90m> \u001b[39m [functions] incoming request {"}}
[info] >    method: 'POST', {"user":"  method: 'POST',","metadata":{"emulator":{"name":"functions"},"function":{"name":"asia-south1-createOrder"},"extension":{},"message":"\u001b[90m> \u001b[39m   method: 'POST',"}}
[info] >    path: '/', {"user":"  path: '/',","metadata":{"emulator":{"name":"functions"},"function":{"name":"asia-south1-createOrder"},"extension":{},"message":"\u001b[90m> \u001b[39m   path: '/',"}}
[info] >    origin: 'http://localhost:5173', {"user":"  origin: 'http://localhost:5173',","metadata":{"emulator":{"name":"functions"},"function":{"name":"asia-south1-createOrder"},"extension":{},"message":"\u001b[90m> \u001b[39m   origin: 'http://localhost:5173',"}}
[info] >    host: '127.0.0.1:5001' {"user":"  host: '127.0.0.1:5001'","metadata":{"emulator":{"name":"functions"},"function":{"name":"asia-south1-createOrder"},"extension":{},"message":"\u001b[90m> \u001b[39m   host: '127.0.0.1:5001'"}}
[info] >  } {"user":"}","metadata":{"emulator":{"name":"functions"},"function":{"name":"asia-south1-createOrder"},"extension":{},"message":"\u001b[90m> \u001b[39m }"}}
[warn] !  functions: The Firebase Authentication emulator is not running, so calls to Firebase Authentication will affect production. {"metadata":{"emulator":{"name":"functions"},"function":{"name":"asia-south1-createOrder"},"extension":{},"message":"The Firebase Authentication emulator is not running, so calls to Firebase Authentication will affect production."}}
[warn] !  functions: The Cloud Firestore emulator is not running, so calls to Firestore will affect production. {"metadata":{"emulator":{"name":"functions"},"function":{"name":"asia-south1-createOrder"},"extension":{},"message":"The Cloud Firestore emulator is not running, so calls to Firestore will affect production."}}
[warn] !  Google API requested!
   - URL: "http://169.254.169.254/computeMetadata/v1/instance/service-accounts/default/token?scopes=https%3A%2F%2Fwww.googleapis.com%2Fauth%2Fcloud-platform%2Chttps%3A%2F%2Fwww.googleapis.com%2Fauth%2Fdatastore"
   - Be careful, this may be a production service. {"metadata":{"emulator":{"name":"functions"},"function":{"name":"asia-south1-createOrder"},"extension":{},"message":"Google API requested!\n   - URL: \"http://169.254.169.254/computeMetadata/v1/instance/service-accounts/default/token?scopes=https%3A%2F%2Fwww.googleapis.com%2Fauth%2Fcloud-platform%2Chttps%3A%2F%2Fwww.googleapis.com%2Fauth%2Fdatastore\"\n   - Be careful, this may be a production service."}}
[error] i  Your function timed out after ~60s. To configure this timeout, see
      https://firebase.google.com/docs/functions/manage-functions#set_timeout_and_memory_allocation. {"metadata":{"emulator":{"name":"functions"},"function":{"name":"asia-south1-createOrder"},"extension":{},"message":"Your function timed out after ~60s. To configure this timeout, see\n      https://firebase.google.com/docs/functions/manage-functions#set_timeout_and_memory_allocation."}}
[error] i  Request to function failed: Error: socket hang up {"metadata":{"emulator":{"name":"functions"},"function":{"name":"asia-south1-createOrder"},"extension":{},"message":"Request to function failed: Error: socket hang up"}}
[debug] [2026-06-22T08:27:58.433Z] [work-queue] {"queuedWork":[],"queueLength":0,"runningWork":[],"workRunningCount":0}
[debug] [2026-06-22T08:27:58.476Z] [worker-asia-south1-createOrder-70b4aedd-f370-407e-a64f-e06c6766dd02]: exited {"metadata":{"emulator":{"name":"functions"},"function":{"name":"asia-south1-createOrder"},"extension":{},"message":"[worker-asia-south1-createOrder-70b4aedd-f370-407e-a64f-e06c6766dd02]: exited"}}
[debug] [2026-06-22T08:27:58.476Z] [worker-asia-south1-createOrder-70b4aedd-f370-407e-a64f-e06c6766dd02]: FINISHED {"metadata":{"emulator":{"name":"functions"},"function":{"name":"asia-south1-createOrder"},"extension":{},"message":"[worker-asia-south1-createOrder-70b4aedd-f370-407e-a64f-e06c6766dd02]: FINISHED"}}
[debug] [2026-06-22T08:28:02.056Z] [work-queue] {"queuedWork":["/panstellia-65653/asia-south1/createOrder-2026-06-22T08:28:02.056Z"],"queueLength":1,"runningWork":[],"workRunningCount":0}
[debug] [2026-06-22T08:28:02.056Z] [work-queue] {"queuedWork":[],"queueLength":0,"runningWork":["/panstellia-65653/asia-south1/createOrder-2026-06-22T08:28:02.056Z"],"workRunningCount":1}
[debug] [2026-06-22T08:28:02.056Z] Accepted request OPTIONS /panstellia-65653/asia-south1/createOrder --> asia-south1-createOrder
[debug] [2026-06-22T08:28:02.058Z] [functions] Runtime ready! Sending request! {"metadata":{"emulator":{"name":"functions"},"message":"[functions] Runtime ready! Sending request!"}}
[debug] [2026-06-22T08:28:02.058Z] [functions] Got req.url=/panstellia-65653/asia-south1/createOrder, mapping to path=/ {"metadata":{"emulator":{"name":"functions"},"message":"[functions] Got req.url=/panstellia-65653/asia-south1/createOrder, mapping to path=/"}}
[debug] [2026-06-22T08:28:02.058Z] [worker-pool] Cleaned up workers for asia-south1-createOrder: 1 --> 0 {"metadata":{"emulator":{"name":"functions"},"message":"[worker-pool] Cleaned up workers for asia-south1-createOrder: 1 --> 0"}}
[info] i  functions: Loaded environment variables from .env. 
[info] i  functions: Trying to access secret RAZORPAY_KEY_ID@latest {"metadata":{"emulator":{"name":"functions"},"message":"Trying to access secret RAZORPAY_KEY_ID@latest"}}
[debug] [2026-06-22T08:28:02.063Z] No OAuth tokens found
[debug] [2026-06-22T08:28:02.065Z] No OAuth tokens found
[debug] [2026-06-22T08:28:02.065Z] > command requires scopes: ["email","openid","https://www.googleapis.com/auth/cloudplatformprojects.readonly","https://www.googleapis.com/auth/firebase","https://www.googleapis.com/auth/cloud-platform"]
[info] i  functions: Trying to access secret RAZORPAY_KEY_SECRET@latest {"metadata":{"emulator":{"name":"functions"},"message":"Trying to access secret RAZORPAY_KEY_SECRET@latest"}}
[debug] [2026-06-22T08:28:02.068Z] No OAuth tokens found
[debug] [2026-06-22T08:28:02.070Z] No OAuth tokens found
[debug] [2026-06-22T08:28:02.070Z] > command requires scopes: ["email","openid","https://www.googleapis.com/auth/cloudplatformprojects.readonly","https://www.googleapis.com/auth/firebase","https://www.googleapis.com/auth/cloud-platform"]
[error] !!  functions: Unable to access secret environment variables from Google Cloud Secret Manager. Make sure the credential used for the Functions Emulator have access or provide override values in C:\Users\deepa\OneDrive\Desktop\Internship\Panstellia\functions\.secret.local:
	FirebaseError: Failed to authenticate, have you run firebase login?
	FirebaseError: Failed to authenticate, have you run firebase login? {"metadata":{"emulator":{"name":"functions"},"message":"Unable to access secret environment variables from Google Cloud Secret Manager. Make sure the credential used for the Functions Emulator have access or provide override values in C:\\Users\\deepa\\OneDrive\\Desktop\\Internship\\Panstellia\\functions\\.secret.local:\n\tFirebaseError: Failed to authenticate, have you run \u001b[1mfirebase login\u001b[22m?\n\tFirebaseError: Failed to authenticate, have you run \u001b[1mfirebase login\u001b[22m?"}}
[debug] [2026-06-22T08:28:02.087Z] [worker-pool] addWorker(asia-south1-createOrder) {"metadata":{"emulator":{"name":"functions"},"message":"[worker-pool] addWorker(asia-south1-createOrder)"}}
[debug] [2026-06-22T08:28:02.087Z] [worker-pool] Adding worker with key asia-south1-createOrder, total=1 {"metadata":{"emulator":{"name":"functions"},"message":"[worker-pool] Adding worker with key asia-south1-createOrder, total=1"}}
[debug] [2026-06-22T08:28:04.677Z] [runtime-status] [15296] Resolved module firebase-admin {"declared":true,"installed":true,"version":"12.7.0","resolution":"C:\\Users\\deepa\\OneDrive\\Desktop\\Internship\\Panstellia\\functions\\node_modules\\firebase-admin\\lib\\index.js"} {"metadata":{"emulator":{"name":"functions"},"function":{"name":"asia-south1-createOrder"},"extension":{},"message":"[runtime-status] [15296] Resolved module firebase-admin {\"declared\":true,\"installed\":true,\"version\":\"12.7.0\",\"resolution\":\"C:\\\\Users\\\\deepa\\\\OneDrive\\\\Desktop\\\\Internship\\\\Panstellia\\\\functions\\\\node_modules\\\\firebase-admin\\\\lib\\\\index.js\"}"}}
[debug] [2026-06-22T08:28:04.681Z] [runtime-status] [15296] Resolved module firebase-functions {"declared":true,"installed":true,"version":"6.6.0","resolution":"C:\\Users\\deepa\\OneDrive\\Desktop\\Internship\\Panstellia\\functions\\node_modules\\firebase-functions\\lib\\v2\\index.js"} {"metadata":{"emulator":{"name":"functions"},"function":{"name":"asia-south1-createOrder"},"extension":{},"message":"[runtime-status] [15296] Resolved module firebase-functions {\"declared\":true,\"installed\":true,\"version\":\"6.6.0\",\"resolution\":\"C:\\\\Users\\\\deepa\\\\OneDrive\\\\Desktop\\\\Internship\\\\Panstellia\\\\functions\\\\node_modules\\\\firebase-functions\\\\lib\\\\v2\\\\index.js\"}"}}
[debug] [2026-06-22T08:28:04.681Z] [runtime-status] [15296] Outgoing network have been stubbed. [{"name":"http","status":"mocked"},{"name":"http","status":"mocked"},{"name":"https","status":"mocked"},{"name":"https","status":"mocked"},{"name":"net","status":"mocked"}] {"metadata":{"emulator":{"name":"functions"},"function":{"name":"asia-south1-createOrder"},"extension":{},"message":"[runtime-status] [15296] Outgoing network have been stubbed. [{\"name\":\"http\",\"status\":\"mocked\"},{\"name\":\"http\",\"status\":\"mocked\"},{\"name\":\"https\",\"status\":\"mocked\"},{\"name\":\"https\",\"status\":\"mocked\"},{\"name\":\"net\",\"status\":\"mocked\"}]"}}
[debug] [2026-06-22T08:28:04.682Z] [runtime-status] [15296] Resolved module firebase-functions {"declared":true,"installed":true,"version":"6.6.0","resolution":"C:\\Users\\deepa\\OneDrive\\Desktop\\Internship\\Panstellia\\functions\\node_modules\\firebase-functions\\lib\\v2\\index.js"} {"metadata":{"emulator":{"name":"functions"},"function":{"name":"asia-south1-createOrder"},"extension":{},"message":"[runtime-status] [15296] Resolved module firebase-functions {\"declared\":true,\"installed\":true,\"version\":\"6.6.0\",\"resolution\":\"C:\\\\Users\\\\deepa\\\\OneDrive\\\\Desktop\\\\Internship\\\\Panstellia\\\\functions\\\\node_modules\\\\firebase-functions\\\\lib\\\\v2\\\\index.js\"}"}}
[debug] [2026-06-22T08:28:05.218Z] [runtime-status] [15296] Resolved module firebase-admin {"declared":true,"installed":true,"version":"12.7.0","resolution":"C:\\Users\\deepa\\OneDrive\\Desktop\\Internship\\Panstellia\\functions\\node_modules\\firebase-admin\\lib\\index.js"} {"metadata":{"emulator":{"name":"functions"},"function":{"name":"asia-south1-createOrder"},"extension":{},"message":"[runtime-status] [15296] Resolved module firebase-admin {\"declared\":true,\"installed\":true,\"version\":\"12.7.0\",\"resolution\":\"C:\\\\Users\\\\deepa\\\\OneDrive\\\\Desktop\\\\Internship\\\\Panstellia\\\\functions\\\\node_modules\\\\firebase-admin\\\\lib\\\\index.js\"}"}}
[debug] [2026-06-22T08:28:05.225Z] [runtime-status] [15296] Resolved module firebase-functions {"declared":true,"installed":true,"version":"6.6.0","resolution":"C:\\Users\\deepa\\OneDrive\\Desktop\\Internship\\Panstellia\\functions\\node_modules\\firebase-functions\\lib\\v2\\index.js"} {"metadata":{"emulator":{"name":"functions"},"function":{"name":"asia-south1-createOrder"},"extension":{},"message":"[runtime-status] [15296] Resolved module firebase-functions {\"declared\":true,\"installed\":true,\"version\":\"6.6.0\",\"resolution\":\"C:\\\\Users\\\\deepa\\\\OneDrive\\\\Desktop\\\\Internship\\\\Panstellia\\\\functions\\\\node_modules\\\\firebase-functions\\\\lib\\\\v2\\\\index.js\"}"}}
[debug] [2026-06-22T08:28:05.660Z] [runtime-status] [15296] firebase-admin has been stubbed. {"adminResolution":{"declared":true,"installed":true,"version":"12.7.0","resolution":"C:\\Users\\deepa\\OneDrive\\Desktop\\Internship\\Panstellia\\functions\\node_modules\\firebase-admin\\lib\\index.js"}} {"metadata":{"emulator":{"name":"functions"},"function":{"name":"asia-south1-createOrder"},"extension":{},"message":"[runtime-status] [15296] firebase-admin has been stubbed. {\"adminResolution\":{\"declared\":true,\"installed\":true,\"version\":\"12.7.0\",\"resolution\":\"C:\\\\Users\\\\deepa\\\\OneDrive\\\\Desktop\\\\Internship\\\\Panstellia\\\\functions\\\\node_modules\\\\firebase-admin\\\\lib\\\\index.js\"}}"}}
[debug] [2026-06-22T08:28:05.807Z] [runtime-status] [15296] initializeApp(DEFAULT) {"storageBucket":"panstellia-65653.appspot.com","databaseURL":"https://panstellia-65653.firebaseio.com","projectId":"panstellia-65653"} {"metadata":{"emulator":{"name":"functions"},"function":{"name":"asia-south1-createOrder"},"extension":{},"message":"[runtime-status] [15296] initializeApp(DEFAULT) {\"storageBucket\":\"panstellia-65653.appspot.com\",\"databaseURL\":\"https://panstellia-65653.firebaseio.com\",\"projectId\":\"panstellia-65653\"}"}}
[debug] [2026-06-22T08:28:05.818Z] [runtime-status] [15296] Functions runtime initialized. {"cwd":"C:\\Users\\deepa\\OneDrive\\Desktop\\Internship\\Panstellia\\functions","node_version":"22.16.0"} {"metadata":{"emulator":{"name":"functions"},"function":{"name":"asia-south1-createOrder"},"extension":{},"message":"[runtime-status] [15296] Functions runtime initialized. {\"cwd\":\"C:\\\\Users\\\\deepa\\\\OneDrive\\\\Desktop\\\\Internship\\\\Panstellia\\\\functions\",\"node_version\":\"22.16.0\"}"}}
[debug] [2026-06-22T08:28:05.818Z] [runtime-status] [15296] Listening to port: \\?\pipe\fire_emu_fb2a39e3ff7316c7 {"metadata":{"emulator":{"name":"functions"},"function":{"name":"asia-south1-createOrder"},"extension":{},"message":"[runtime-status] [15296] Listening to port: \\\\?\\pipe\\fire_emu_fb2a39e3ff7316c7"}}
[debug] [2026-06-22T08:28:05.922Z] [worker-asia-south1-createOrder-2eab3a9d-93db-4d5e-a3cc-1ed3daccac2e]: IDLE {"metadata":{"emulator":{"name":"functions"},"function":{"name":"asia-south1-createOrder"},"extension":{},"message":"[worker-asia-south1-createOrder-2eab3a9d-93db-4d5e-a3cc-1ed3daccac2e]: IDLE"}}
[debug] [2026-06-22T08:28:05.923Z] [worker-pool] submitRequest(triggerId=asia-south1-createOrder) {"metadata":{"emulator":{"name":"functions"},"message":"[worker-pool] submitRequest(triggerId=asia-south1-createOrder)"}}
[info] i  functions: Beginning execution of "asia-south1-createOrder" {"metadata":{"emulator":{"name":"functions"},"function":{"name":"asia-south1-createOrder"},"extension":{},"message":"Beginning execution of \"asia-south1-createOrder\""}}
[debug] [2026-06-22T08:28:05.923Z] [worker-asia-south1-createOrder-2eab3a9d-93db-4d5e-a3cc-1ed3daccac2e]: BUSY {"metadata":{"emulator":{"name":"functions"},"function":{"name":"asia-south1-createOrder"},"extension":{},"message":"[worker-asia-south1-createOrder-2eab3a9d-93db-4d5e-a3cc-1ed3daccac2e]: BUSY"}}
[debug] [2026-06-22T08:28:05.930Z] Finishing up request with event=pause {"metadata":{"emulator":{"name":"functions"},"function":{"name":"asia-south1-createOrder"},"extension":{},"message":"Finishing up request with event=pause"}}
[info] i  functions: Finished "asia-south1-createOrder" in 7.3331ms {"metadata":{"emulator":{"name":"functions"},"function":{"name":"asia-south1-createOrder"},"extension":{},"message":"Finished \"asia-south1-createOrder\" in 7.3331ms"}}
[debug] [2026-06-22T08:28:05.931Z] [worker-asia-south1-createOrder-2eab3a9d-93db-4d5e-a3cc-1ed3daccac2e]: IDLE {"metadata":{"emulator":{"name":"functions"},"function":{"name":"asia-south1-createOrder"},"extension":{},"message":"[worker-asia-south1-createOrder-2eab3a9d-93db-4d5e-a3cc-1ed3daccac2e]: IDLE"}}
[debug] [2026-06-22T08:28:05.931Z] Finishing up request with event=finish {"metadata":{"emulator":{"name":"functions"},"function":{"name":"asia-south1-createOrder"},"extension":{},"message":"Finishing up request with event=finish"}}
[debug] [2026-06-22T08:28:05.931Z] Finishing up request with event=close {"metadata":{"emulator":{"name":"functions"},"function":{"name":"asia-south1-createOrder"},"extension":{},"message":"Finishing up request with event=close"}}
[debug] [2026-06-22T08:28:05.931Z] [work-queue] {"queuedWork":[],"queueLength":0,"runningWork":[],"workRunningCount":0}
[debug] [2026-06-22T08:28:05.932Z] [work-queue] {"queuedWork":["/panstellia-65653/asia-south1/createOrder-2026-06-22T08:28:05.932Z"],"queueLength":1,"runningWork":[],"workRunningCount":0}
[debug] [2026-06-22T08:28:05.932Z] [work-queue] {"queuedWork":[],"queueLength":0,"runningWork":["/panstellia-65653/asia-south1/createOrder-2026-06-22T08:28:05.932Z"],"workRunningCount":1}
[debug] [2026-06-22T08:28:05.932Z] Accepted request POST /panstellia-65653/asia-south1/createOrder --> asia-south1-createOrder
[debug] [2026-06-22T08:28:05.933Z] [functions] Runtime ready! Sending request! {"metadata":{"emulator":{"name":"functions"},"message":"[functions] Runtime ready! Sending request!"}}
[debug] [2026-06-22T08:28:05.933Z] [functions] Got req.url=/panstellia-65653/asia-south1/createOrder, mapping to path=/ {"metadata":{"emulator":{"name":"functions"},"message":"[functions] Got req.url=/panstellia-65653/asia-south1/createOrder, mapping to path=/"}}
[debug] [2026-06-22T08:28:05.934Z] [worker-pool] submitRequest(triggerId=asia-south1-createOrder) {"metadata":{"emulator":{"name":"functions"},"message":"[worker-pool] submitRequest(triggerId=asia-south1-createOrder)"}}
[info] i  functions: Beginning execution of "asia-south1-createOrder" {"metadata":{"emulator":{"name":"functions"},"function":{"name":"asia-south1-createOrder"},"extension":{},"message":"Beginning execution of \"asia-south1-createOrder\""}}
[debug] [2026-06-22T08:28:05.934Z] [worker-asia-south1-createOrder-2eab3a9d-93db-4d5e-a3cc-1ed3daccac2e]: BUSY {"metadata":{"emulator":{"name":"functions"},"function":{"name":"asia-south1-createOrder"},"extension":{},"message":"[worker-asia-south1-createOrder-2eab3a9d-93db-4d5e-a3cc-1ed3daccac2e]: BUSY"}}
[info] >  [functions] incoming request { {"user":"[functions] incoming request {","metadata":{"emulator":{"name":"functions"},"function":{"name":"asia-south1-createOrder"},"extension":{},"message":"\u001b[90m> \u001b[39m [functions] incoming request {"}}
[info] >    method: 'POST', {"user":"  method: 'POST',","metadata":{"emulator":{"name":"functions"},"function":{"name":"asia-south1-createOrder"},"extension":{},"message":"\u001b[90m> \u001b[39m   method: 'POST',"}}
[info] >    path: '/', {"user":"  path: '/',","metadata":{"emulator":{"name":"functions"},"function":{"name":"asia-south1-createOrder"},"extension":{},"message":"\u001b[90m> \u001b[39m   path: '/',"}}
[info] >    origin: 'http://localhost:5173', {"user":"  origin: 'http://localhost:5173',","metadata":{"emulator":{"name":"functions"},"function":{"name":"asia-south1-createOrder"},"extension":{},"message":"\u001b[90m> \u001b[39m   origin: 'http://localhost:5173',"}}
[info] >    host: '127.0.0.1:5001' {"user":"  host: '127.0.0.1:5001'","metadata":{"emulator":{"name":"functions"},"function":{"name":"asia-south1-createOrder"},"extension":{},"message":"\u001b[90m> \u001b[39m   host: '127.0.0.1:5001'"}}
[info] >  } {"user":"}","metadata":{"emulator":{"name":"functions"},"function":{"name":"asia-south1-createOrder"},"extension":{},"message":"\u001b[90m> \u001b[39m }"}}
[warn] !  Google API requested!
   - URL: "http://169.254.169.254/computeMetadata/v1/instance/service-accounts/default/token?scopes=https%3A%2F%2Fwww.googleapis.com%2Fauth%2Fcloud-platform%2Chttps%3A%2F%2Fwww.googleapis.com%2Fauth%2Fdatastore"
   - Be careful, this may be a production service. {"metadata":{"emulator":{"name":"functions"},"function":{"name":"asia-south1-createOrder"},"extension":{},"message":"Google API requested!\n   - URL: \"http://169.254.169.254/computeMetadata/v1/instance/service-accounts/default/token?scopes=https%3A%2F%2Fwww.googleapis.com%2Fauth%2Fcloud-platform%2Chttps%3A%2F%2Fwww.googleapis.com%2Fauth%2Fdatastore\"\n   - Be careful, this may be a production service."}}
[error] i  Your function timed out after ~60s. To configure this timeout, see
      https://firebase.google.com/docs/functions/manage-functions#set_timeout_and_memory_allocation. {"metadata":{"emulator":{"name":"functions"},"function":{"name":"asia-south1-createOrder"},"extension":{},"message":"Your function timed out after ~60s. To configure this timeout, see\n      https://firebase.google.com/docs/functions/manage-functions#set_timeout_and_memory_allocation."}}
[error] i  Request to function failed: Error: socket hang up {"metadata":{"emulator":{"name":"functions"},"function":{"name":"asia-south1-createOrder"},"extension":{},"message":"Request to function failed: Error: socket hang up"}}
[debug] [2026-06-22T08:29:05.943Z] [work-queue] {"queuedWork":[],"queueLength":0,"runningWork":[],"workRunningCount":0}
[debug] [2026-06-22T08:29:05.968Z] [worker-asia-south1-createOrder-2eab3a9d-93db-4d5e-a3cc-1ed3daccac2e]: exited {"metadata":{"emulator":{"name":"functions"},"function":{"name":"asia-south1-createOrder"},"extension":{},"message":"[worker-asia-south1-createOrder-2eab3a9d-93db-4d5e-a3cc-1ed3daccac2e]: exited"}}
[debug] [2026-06-22T08:29:05.968Z] [worker-asia-south1-createOrder-2eab3a9d-93db-4d5e-a3cc-1ed3daccac2e]: FINISHED {"metadata":{"emulator":{"name":"functions"},"function":{"name":"asia-south1-createOrder"},"extension":{},"message":"[worker-asia-south1-createOrder-2eab3a9d-93db-4d5e-a3cc-1ed3daccac2e]: FINISHED"}}
